#-----------------------------------------------------------
# Vivado v2018.3 (64-bit)
# SW Build 2405991 on Thu Dec  6 23:38:27 MST 2018
# IP Build 2404404 on Fri Dec  7 01:43:56 MST 2018
# Start of session at: Mon Jun 29 11:03:44 2020
# Process ID: 6576
# Current directory: C:/Archlabs/lab6
# Command line: vivado.exe -gui_launcher_event rodinguilauncherevent9608 C:\Archlabs\lab6\lab6.xpr
# Log file: C:/Archlabs/lab6/vivado.log
# Journal file: C:/Archlabs/lab6\vivado.jou
#-----------------------------------------------------------
start_gui
open_project C:/Archlabs/lab6/lab6.xpr
Scanning sources...
Finished scanning sources
INFO: [IP_Flow 19-234] Refreshing IP repositories
INFO: [IP_Flow 19-1704] No user IP repositories specified
INFO: [IP_Flow 19-2313] Loaded Vivado IP repository 'C:/Xilinx/Vivado/2018.3/data/ip'.
open_project: Time (s): cpu = 00:00:19 ; elapsed = 00:00:08 . Memory (MB): peak = 709.004 ; gain = 116.242
update_compile_order -fileset sources_1
close [ open C:/Archlabs/lab6/lab6.srcs/sources_1/new/Register_write.v w ]
add_files C:/Archlabs/lab6/lab6.srcs/sources_1/new/Register_write.v
close [ open C:/Archlabs/lab6/lab6.srcs/sources_1/new/Register_read.v w ]
add_files C:/Archlabs/lab6/lab6.srcs/sources_1/new/Register_read.v
update_compile_order -fileset sources_1
update_compile_order -fileset sources_1
exit
INFO: [Common 17-206] Exiting Vivado at Mon Jun 29 17:08:45 2020...
